<?xml version="1.0" encoding="UTF-8"?>
<testng-results ignored="0" total="1" passed="1" failed="0" skipped="0">
  <reporter-output>
  </reporter-output>
  <suite started-at="2023-02-13T20:25:03 SGT" name="Suite" finished-at="2023-02-13T20:25:29 SGT" duration-ms="25717">
    <groups>
    </groups>
    <test started-at="2023-02-13T20:25:03 SGT" name="Test" finished-at="2023-02-13T20:25:29 SGT" duration-ms="25717">
      <class name="Selenium.tests.endToEnd">
        <test-method is-config="true" signature="launchApplication()[pri:0, instance:Selenium.tests.endToEnd@3adcc812]" started-at="2023-02-13T20:25:04 SGT" name="launchApplication" finished-at="2023-02-13T20:25:13 SGT" duration-ms="9397" status="PASS">
          <reporter-output>
          </reporter-output>
        </test-method> <!-- launchApplication -->
        <test-method signature="emailValidation(java.lang.String,java.lang.String,java.lang.String)[pri:0, instance:Selenium.tests.endToEnd@3adcc812]" started-at="2023-02-13T20:25:13 SGT" name="emailValidation" data-provider="getData" finished-at="2023-02-13T20:25:29 SGT" duration-ms="16037" status="PASS">
          <params>
            <param index="0">
              <value>
                <![CDATA[customer@practicesoftwaretesting.com]]>
              </value>
            </param>
            <param index="1">
              <value>
                <![CDATA[welcome01]]>
              </value>
            </param>
            <param index="2">
              <value>
                <![CDATA[Hammer]]>
              </value>
            </param>
          </params>
          <reporter-output>
          </reporter-output>
        </test-method> <!-- emailValidation -->
        <test-method is-config="true" signature="tearDown()[pri:0, instance:Selenium.tests.endToEnd@3adcc812]" started-at="2023-02-13T20:25:29 SGT" name="tearDown" finished-at="2023-02-13T20:25:29 SGT" duration-ms="145" status="PASS">
          <reporter-output>
          </reporter-output>
        </test-method> <!-- tearDown -->
      </class> <!-- Selenium.tests.endToEnd -->
    </test> <!-- Test -->
  </suite> <!-- Suite -->
</testng-results>
